<?xml version="1.0" encoding="UTF-8"?>
<testsuite xmlns:xsi="http://www.w3.org/2001/XMLSchema-instance" xsi:noNamespaceSchemaLocation="https://maven.apache.org/surefire/maven-surefire-plugin/xsd/surefire-test-report.xsd" name="sdf.revision.AppTest" time="0.032" tests="1" errors="0" skipped="0" failures="0">
  <properties>
    <property name="java.specification.version" value="17"/>
    <property name="sun.jnu.encoding" value="UTF-8"/>
    <property name="java.class.path" value="/mnt/DATA/TFIP/SDF/REVISION/revision/target/test-classes:/mnt/DATA/TFIP/SDF/REVISION/revision/target/classes:/home/jack/.m2/repository/junit/junit/4.11/junit-4.11.jar:/home/jack/.m2/repository/org/hamcrest/hamcrest-core/1.3/hamcrest-core-1.3.jar:"/>
    <property name="java.vm.vendor" value="Oracle Corporation"/>
    <property name="sun.arch.data.model" value="64"/>
    <property name="java.vendor.url" value="https://openjdk.java.net/"/>
    <property name="os.name" value="Linux"/>
    <property name="java.vm.specification.version" value="17"/>
    <property name="sun.java.launcher" value="SUN_STANDARD"/>
    <property name="user.country" value="SG"/>
    <property name="sun.boot.library.path" value="/usr/lib/jvm/java-17-openjdk/lib"/>
    <property name="sun.java.command" value="/mnt/DATA/TFIP/SDF/REVISION/revision/target/surefire/surefirebooter4533290363502772493.jar /mnt/DATA/TFIP/SDF/REVISION/revision/target/surefire 2021-12-29T11-21-47_617-jvmRun1 surefire15376184359549343098tmp surefire_010816051929994496236tmp"/>
    <property name="jdk.debug" value="release"/>
    <property name="surefire.test.class.path" value="/mnt/DATA/TFIP/SDF/REVISION/revision/target/test-classes:/mnt/DATA/TFIP/SDF/REVISION/revision/target/classes:/home/jack/.m2/repository/junit/junit/4.11/junit-4.11.jar:/home/jack/.m2/repository/org/hamcrest/hamcrest-core/1.3/hamcrest-core-1.3.jar:"/>
    <property name="sun.cpu.endian" value="little"/>
    <property name="user.home" value="/home/jack"/>
    <property name="user.language" value="en"/>
    <property name="java.specification.vendor" value="Oracle Corporation"/>
    <property name="java.version.date" value="2021-10-19"/>
    <property name="java.home" value="/usr/lib/jvm/java-17-openjdk"/>
    <property name="file.separator" value="/"/>
    <property name="basedir" value="/mnt/DATA/TFIP/SDF/REVISION/revision"/>
    <property name="java.vm.compressedOopsMode" value="Zero based"/>
    <property name="line.separator" value="&#10;"/>
    <property name="java.vm.specification.vendor" value="Oracle Corporation"/>
    <property name="java.specification.name" value="Java Platform API Specification"/>
    <property name="surefire.real.class.path" value="/mnt/DATA/TFIP/SDF/REVISION/revision/target/surefire/surefirebooter4533290363502772493.jar"/>
    <property name="sun.management.compiler" value="HotSpot 64-Bit Tiered Compilers"/>
    <property name="java.runtime.version" value="17.0.1+12"/>
    <property name="user.name" value="jack"/>
    <property name="path.separator" value=":"/>
    <property name="os.version" value="5.15.11-arch2-1"/>
    <property name="java.runtime.name" value="OpenJDK Runtime Environment"/>
    <property name="file.encoding" value="UTF-8"/>
    <property name="java.vm.name" value="OpenJDK 64-Bit Server VM"/>
    <property name="localRepository" value="/home/jack/.m2/repository"/>
    <property name="java.vendor.url.bug" value="https://bugreport.java.com/bugreport/"/>
    <property name="java.io.tmpdir" value="/tmp"/>
    <property name="java.version" value="17.0.1"/>
    <property name="user.dir" value="/mnt/DATA/TFIP/SDF/REVISION/revision"/>
    <property name="os.arch" value="amd64"/>
    <property name="java.vm.specification.name" value="Java Virtual Machine Specification"/>
    <property name="native.encoding" value="UTF-8"/>
    <property name="java.library.path" value="/usr/java/packages/lib:/usr/lib64:/lib64:/lib:/usr/lib"/>
    <property name="java.vm.info" value="mixed mode"/>
    <property name="java.vendor" value="N/A"/>
    <property name="java.vm.version" value="17.0.1+12"/>
    <property name="sun.io.unicode.encoding" value="UnicodeLittle"/>
    <property name="java.class.version" value="61.0"/>
  </properties>
  <testcase name="shouldAnswerWithTrue" classname="sdf.revision.AppTest" time="0.001"/>
</testsuite>